C:\Users\BS540\Desktop\Tour Of Heros App\Asp.net Web API\Asp.net Web API\ClientApp\dist\out-tsc\e2e\src\app.po.js
C:\Users\BS540\Desktop\Tour Of Heros App\Asp.net Web API\Asp.net Web API\ClientApp\dist\out-tsc\e2e\src\app.po.js.map
C:\Users\BS540\Desktop\Tour Of Heros App\Asp.net Web API\Asp.net Web API\ClientApp\dist\out-tsc\e2e\src\app.e2e-spec.js
C:\Users\BS540\Desktop\Tour Of Heros App\Asp.net Web API\Asp.net Web API\ClientApp\dist\out-tsc\e2e\src\app.e2e-spec.js.map
C:\Users\BS540\Desktop\Tour Of Heros App\Asp.net Web API\Asp.net Web API\ClientApp\dist\out-tsc\src\app\app.component.js
C:\Users\BS540\Desktop\Tour Of Heros App\Asp.net Web API\Asp.net Web API\ClientApp\dist\out-tsc\src\app\app.component.js.map
C:\Users\BS540\Desktop\Tour Of Heros App\Asp.net Web API\Asp.net Web API\ClientApp\dist\out-tsc\src\app\hero.js
C:\Users\BS540\Desktop\Tour Of Heros App\Asp.net Web API\Asp.net Web API\ClientApp\dist\out-tsc\src\app\hero.js.map
C:\Users\BS540\Desktop\Tour Of Heros App\Asp.net Web API\Asp.net Web API\ClientApp\dist\out-tsc\src\app\message.service.js
C:\Users\BS540\Desktop\Tour Of Heros App\Asp.net Web API\Asp.net Web API\ClientApp\dist\out-tsc\src\app\message.service.js.map
C:\Users\BS540\Desktop\Tour Of Heros App\Asp.net Web API\Asp.net Web API\ClientApp\dist\out-tsc\src\app\hero.service.js
C:\Users\BS540\Desktop\Tour Of Heros App\Asp.net Web API\Asp.net Web API\ClientApp\dist\out-tsc\src\app\hero.service.js.map
C:\Users\BS540\Desktop\Tour Of Heros App\Asp.net Web API\Asp.net Web API\ClientApp\dist\out-tsc\src\app\heroes\heroes.component.js
C:\Users\BS540\Desktop\Tour Of Heros App\Asp.net Web API\Asp.net Web API\ClientApp\dist\out-tsc\src\app\heroes\heroes.component.js.map
C:\Users\BS540\Desktop\Tour Of Heros App\Asp.net Web API\Asp.net Web API\ClientApp\dist\out-tsc\src\app\hero-detail\hero-detail.component.js
C:\Users\BS540\Desktop\Tour Of Heros App\Asp.net Web API\Asp.net Web API\ClientApp\dist\out-tsc\src\app\hero-detail\hero-detail.component.js.map
C:\Users\BS540\Desktop\Tour Of Heros App\Asp.net Web API\Asp.net Web API\ClientApp\dist\out-tsc\src\app\messages\messages.component.js
C:\Users\BS540\Desktop\Tour Of Heros App\Asp.net Web API\Asp.net Web API\ClientApp\dist\out-tsc\src\app\messages\messages.component.js.map
C:\Users\BS540\Desktop\Tour Of Heros App\Asp.net Web API\Asp.net Web API\ClientApp\dist\out-tsc\src\app\dashboard\dashboard.component.js
C:\Users\BS540\Desktop\Tour Of Heros App\Asp.net Web API\Asp.net Web API\ClientApp\dist\out-tsc\src\app\dashboard\dashboard.component.js.map
C:\Users\BS540\Desktop\Tour Of Heros App\Asp.net Web API\Asp.net Web API\ClientApp\dist\out-tsc\src\app\app-routing.module.js
C:\Users\BS540\Desktop\Tour Of Heros App\Asp.net Web API\Asp.net Web API\ClientApp\dist\out-tsc\src\app\app-routing.module.js.map
C:\Users\BS540\Desktop\Tour Of Heros App\Asp.net Web API\Asp.net Web API\ClientApp\dist\out-tsc\src\app\hero-search\hero-search.component.js
C:\Users\BS540\Desktop\Tour Of Heros App\Asp.net Web API\Asp.net Web API\ClientApp\dist\out-tsc\src\app\hero-search\hero-search.component.js.map
C:\Users\BS540\Desktop\Tour Of Heros App\Asp.net Web API\Asp.net Web API\ClientApp\dist\out-tsc\src\app\app.module.js
C:\Users\BS540\Desktop\Tour Of Heros App\Asp.net Web API\Asp.net Web API\ClientApp\dist\out-tsc\src\app\app.module.js.map
C:\Users\BS540\Desktop\Tour Of Heros App\Asp.net Web API\Asp.net Web API\ClientApp\dist\out-tsc\src\environments\environment.js
C:\Users\BS540\Desktop\Tour Of Heros App\Asp.net Web API\Asp.net Web API\ClientApp\dist\out-tsc\src\environments\environment.js.map
C:\Users\BS540\Desktop\Tour Of Heros App\Asp.net Web API\Asp.net Web API\ClientApp\dist\out-tsc\src\main.js
C:\Users\BS540\Desktop\Tour Of Heros App\Asp.net Web API\Asp.net Web API\ClientApp\dist\out-tsc\src\main.js.map
C:\Users\BS540\Desktop\Tour Of Heros App\Asp.net Web API\Asp.net Web API\ClientApp\dist\out-tsc\src\polyfills.js
C:\Users\BS540\Desktop\Tour Of Heros App\Asp.net Web API\Asp.net Web API\ClientApp\dist\out-tsc\src\polyfills.js.map
C:\Users\BS540\Desktop\Tour Of Heros App\Asp.net Web API\Asp.net Web API\ClientApp\dist\out-tsc\src\test.js
C:\Users\BS540\Desktop\Tour Of Heros App\Asp.net Web API\Asp.net Web API\ClientApp\dist\out-tsc\src\test.js.map
C:\Users\BS540\Desktop\Tour Of Heros App\Asp.net Web API\Asp.net Web API\ClientApp\dist\out-tsc\src\app\app.server.module.js
C:\Users\BS540\Desktop\Tour Of Heros App\Asp.net Web API\Asp.net Web API\ClientApp\dist\out-tsc\src\app\app.server.module.js.map
C:\Users\BS540\Desktop\Tour Of Heros App\Asp.net Web API\Asp.net Web API\ClientApp\dist\out-tsc\src\app\hero.service.spec.js
C:\Users\BS540\Desktop\Tour Of Heros App\Asp.net Web API\Asp.net Web API\ClientApp\dist\out-tsc\src\app\hero.service.spec.js.map
C:\Users\BS540\Desktop\Tour Of Heros App\Asp.net Web API\Asp.net Web API\ClientApp\dist\out-tsc\src\app\message.service.spec.js
C:\Users\BS540\Desktop\Tour Of Heros App\Asp.net Web API\Asp.net Web API\ClientApp\dist\out-tsc\src\app\message.service.spec.js.map
C:\Users\BS540\Desktop\Tour Of Heros App\Asp.net Web API\Asp.net Web API\ClientApp\dist\out-tsc\src\app\dashboard\dashboard.component.spec.js
C:\Users\BS540\Desktop\Tour Of Heros App\Asp.net Web API\Asp.net Web API\ClientApp\dist\out-tsc\src\app\dashboard\dashboard.component.spec.js.map
C:\Users\BS540\Desktop\Tour Of Heros App\Asp.net Web API\Asp.net Web API\ClientApp\dist\out-tsc\src\app\hero-detail\hero-detail.component.spec.js
C:\Users\BS540\Desktop\Tour Of Heros App\Asp.net Web API\Asp.net Web API\ClientApp\dist\out-tsc\src\app\hero-detail\hero-detail.component.spec.js.map
C:\Users\BS540\Desktop\Tour Of Heros App\Asp.net Web API\Asp.net Web API\ClientApp\dist\out-tsc\src\app\hero-search\hero-search.component.spec.js
C:\Users\BS540\Desktop\Tour Of Heros App\Asp.net Web API\Asp.net Web API\ClientApp\dist\out-tsc\src\app\hero-search\hero-search.component.spec.js.map
C:\Users\BS540\Desktop\Tour Of Heros App\Asp.net Web API\Asp.net Web API\ClientApp\dist\out-tsc\src\app\heroes\heroes.component.spec.js
C:\Users\BS540\Desktop\Tour Of Heros App\Asp.net Web API\Asp.net Web API\ClientApp\dist\out-tsc\src\app\heroes\heroes.component.spec.js.map
C:\Users\BS540\Desktop\Tour Of Heros App\Asp.net Web API\Asp.net Web API\ClientApp\dist\out-tsc\src\app\messages\messages.component.spec.js
C:\Users\BS540\Desktop\Tour Of Heros App\Asp.net Web API\Asp.net Web API\ClientApp\dist\out-tsc\src\app\messages\messages.component.spec.js.map
C:\Users\BS540\Desktop\Tour Of Heros App\Asp.net Web API\Asp.net Web API\ClientApp\dist\out-tsc\src\environments\environment.prod.js
C:\Users\BS540\Desktop\Tour Of Heros App\Asp.net Web API\Asp.net Web API\ClientApp\dist\out-tsc\src\environments\environment.prod.js.map
